<?xml version="1.0" encoding="UTF-8"?>
<testng-results ignored="0" total="2" passed="2" failed="0" skipped="0">
  <reporter-output>
  </reporter-output>
  <suite started-at="2023-12-21T17:06:05 IST" name="Suite" finished-at="2023-12-21T17:06:26 IST" duration-ms="21700">
    <groups>
    </groups>
    <test started-at="2023-12-21T17:06:05 IST" name="PassportIndia" finished-at="2023-12-21T17:06:26 IST" duration-ms="21700">
      <class name="TestLayer.RegisterPageTest">
        <test-method is-config="true" signature="setup()[pri:0, instance:TestLayer.RegisterPageTest@485966cc]" started-at="2023-12-21T17:06:05 IST" name="setup" finished-at="2023-12-21T17:06:09 IST" duration-ms="4017" status="PASS">
          <reporter-output>
          </reporter-output>
        </test-method> <!-- setup -->
        <test-method signature="validateRegisterpage()[pri:1, instance:TestLayer.RegisterPageTest@485966cc]" started-at="2023-12-21T17:06:09 IST" name="validateRegisterpage" finished-at="2023-12-21T17:06:11 IST" duration-ms="1913" status="PASS">
          <reporter-output>
          </reporter-output>
        </test-method> <!-- validateRegisterpage -->
        <test-method is-config="true" signature="tearDown()[pri:0, instance:TestLayer.RegisterPageTest@485966cc]" started-at="2023-12-21T17:06:11 IST" name="tearDown" finished-at="2023-12-21T17:06:16 IST" duration-ms="5264" status="PASS">
          <reporter-output>
          </reporter-output>
        </test-method> <!-- tearDown -->
        <test-method is-config="true" signature="setup()[pri:0, instance:TestLayer.RegisterPageTest@485966cc]" started-at="2023-12-21T17:06:16 IST" name="setup" finished-at="2023-12-21T17:06:19 IST" duration-ms="3354" status="PASS">
          <reporter-output>
          </reporter-output>
        </test-method> <!-- setup -->
        <test-method signature="validatenewregisterpage()[pri:2, instance:TestLayer.RegisterPageTest@485966cc]" started-at="2023-12-21T17:06:19 IST" name="validatenewregisterpage" finished-at="2023-12-21T17:06:21 IST" duration-ms="1828" status="PASS">
          <reporter-output>
          </reporter-output>
        </test-method> <!-- validatenewregisterpage -->
        <test-method is-config="true" signature="tearDown()[pri:0, instance:TestLayer.RegisterPageTest@485966cc]" started-at="2023-12-21T17:06:21 IST" name="tearDown" finished-at="2023-12-21T17:06:26 IST" duration-ms="5266" status="PASS">
          <reporter-output>
          </reporter-output>
        </test-method> <!-- tearDown -->
      </class> <!-- TestLayer.RegisterPageTest -->
    </test> <!-- PassportIndia -->
  </suite> <!-- Suite -->
</testng-results>
