<?xml version="1.0" encoding="UTF-8"?>
<!-- Generated by org.testng.reporters.JUnitReportReporter -->
<testsuite hostname="LAPTOP-T25EG9UR" failures="0" tests="2" name="TestLayer.RegisterPageTest" time="21.642" errors="0" timestamp="2023-12-21T17:06:27 IST" skipped="0">
  <testcase classname="TestLayer.RegisterPageTest" name="validateRegisterpage" time="10.531"/>
  <system-out/>
  <testcase classname="TestLayer.RegisterPageTest" name="validatenewregisterpage" time="11.111"/>
  <system-out/>
</testsuite> <!-- TestLayer.RegisterPageTest -->
